Application     C:\Users\DAUDENI\Documents\GitHub\labour-force-survey\MainLFS\IndividualLFS\IndividualLFS.ent
Type            Entry
Date            May 23, 2024
Time            15:48:44

CSPro Error Summary

ERROR(MAIN_JOB_OCC_LEVEL_2, 1555): 'StartVS' is not a declared variable or is a misspelled dictionary entry

ERROR(MAIN_JOB_OCC_LEVEL_3, 1589): 'StartVS' is not a declared variable or is a misspelled dictionary entry

ERROR(MAIN_JOB_OCC_LEVEL_4, 1626): 'StartVS' is not a declared variable or is a misspelled dictionary entry
ERROR(MAIN_JOB_OCC_LEVEL_4, 1634): 'AddNumericVS' is not a declared variable or is a misspelled dictionary entry
ERROR(MAIN_JOB_OCC_LEVEL_4, 1635): Expecting ENDDO
ERROR(MAIN_JOB_OCC_LEVEL_4, 1637): PostProc clause expected

ERROR(MJJ_EMP_REL, 1387): 'vsCodes' is not a declared variable or is a misspelled dictionary entry
ERROR(MJJ_EMP_REL, 1388): 'vsLabels' is not a declared variable or is a misspelled dictionary entry
ERROR(MJJ_EMP_REL, 1389): 'i' is not a declared variable or is a misspelled dictionary entry
ERROR(MJJ_EMP_REL, 1391): PostProc clause expected

ERROR(MJJ_CFW_CHK, 1410): 'vsCodes' is not a declared variable or is a misspelled dictionary entry
ERROR(MJJ_CFW_CHK, 1411): 'vsLabels' is not a declared variable or is a misspelled dictionary entry
ERROR(MJJ_CFW_CHK, 1412): 'i' is not a declared variable or is a misspelled dictionary entry
ERROR(MJJ_CFW_CHK, 1414): PostProc clause expected

ERROR(MJU_PLC, 2431): 'vsCodes' is not a declared variable or is a misspelled dictionary entry
ERROR(MJU_PLC, 2432): 'vsLabels' is not a declared variable or is a misspelled dictionary entry
ERROR(MJU_PLC, 2433): 'i' is not a declared variable or is a misspelled dictionary entry
ERROR(MJU_PLC, 2435): PostProc clause expected

ERROR(SEC_JOB_OCC_LEVEL_2, 2673): 'StartVS' is not a declared variable or is a misspelled dictionary entry

ERROR(SEC_JOB_OCC_LEVEL_3, 2707): 'StartVS' is not a declared variable or is a misspelled dictionary entry

ERROR(SEC_JOB_OCC_LEVEL_4, 2745): 'StartVS' is not a declared variable or is a misspelled dictionary entry
ERROR(SEC_JOB_OCC_LEVEL_4, 2753): 'AddNumericVS' is not a declared variable or is a misspelled dictionary entry
ERROR(SEC_JOB_OCC_LEVEL_4, 2754): Expecting ENDDO
ERROR(SEC_JOB_OCC_LEVEL_4, 2756): PostProc clause expected

ERROR(SJJ_EMP_REL, 3515): 'vsCodes' is not a declared variable or is a misspelled dictionary entry
ERROR(SJJ_EMP_REL, 3516): 'vsLabels' is not a declared variable or is a misspelled dictionary entry
ERROR(SJJ_EMP_REL, 3517): 'i' is not a declared variable or is a misspelled dictionary entry
ERROR(SJJ_EMP_REL, 3519): 'i' is not a declared variable or is a misspelled dictionary entry
ERROR(SJJ_EMP_REL, 3521): PostProc clause expected

ERROR(SRH_MTD, 4009): 'vsCodes' is not a declared variable or is a misspelled dictionary entry
ERROR(SRH_MTD, 4010): 'vsLabels' is not a declared variable or is a misspelled dictionary entry
ERROR(SRH_MTD, 4011): 'i' is not a declared variable or is a misspelled dictionary entry
ERROR(SRH_MTD, 4013): PostProc clause expected

ERROR(SRH_OTH, 4036): 'vsCodes' is not a declared variable or is a misspelled dictionary entry
ERROR(SRH_OTH, 4037): 'vsLabels' is not a declared variable or is a misspelled dictionary entry
ERROR(SRH_OTH, 4038): PostProc clause expected

159 syntax errors detected
